<?xml version="1.0" encoding="UTF-8"?>
<!-- Generated by org.testng.reporters.JUnitReportReporter -->
<testsuite skipped="3" hostname="LAPTOP-QFH4B63G" name="pe.com.test.semana10.GeneroServiceTest" tests="3" failures="0" timestamp="01 jun 2018 21:36:25 GMT" time="0.000" errors="0">
  <testcase name="ProbandoModeloGenero" time="0.000" classname="pe.com.test.semana10.GeneroServiceTest">
    <skipped/>
  </testcase> <!-- ProbandoModeloGenero -->
  <testcase name="contextLoads" time="0.000" classname="pe.com.test.semana10.GeneroServiceTest">
    <skipped/>
  </testcase> <!-- contextLoads -->
  <testcase name="probarListarGeneros" time="0.000" classname="pe.com.test.semana10.GeneroServiceTest">
    <skipped/>
  </testcase> <!-- probarListarGeneros -->
</testsuite> <!-- pe.com.test.semana10.GeneroServiceTest -->
