<?xml version="1.0" encoding="UTF-8"?>
<!-- Generated by org.testng.reporters.JUnitReportReporter -->
<testsuite skipped="6" hostname="LAPTOP-QFH4B63G" name="pe.com.test.semana10.AutorControllerTest" tests="6" failures="0" timestamp="18 may 2018 17:15:44 GMT" time="0.000" errors="0">
  <testcase name="probarListarEmpleado" time="0.000" classname="pe.com.test.semana10.AutorControllerTest">
    <skipped/>
  </testcase> <!-- probarListarEmpleado -->
  <testcase name="ProbandoModeloAutor" time="0.000" classname="pe.com.test.semana10.AutorControllerTest">
    <skipped/>
  </testcase> <!-- ProbandoModeloAutor -->
  <testcase name="contextLoads" time="0.000" classname="pe.com.test.semana10.AutorControllerTest">
    <skipped/>
  </testcase> <!-- contextLoads -->
  <testcase name="probarInsertarAutor" time="0.000" classname="pe.com.test.semana10.AutorControllerTest">
    <skipped/>
  </testcase> <!-- probarInsertarAutor -->
  <testcase name="AgregarAutorValidarSiExiste" time="0.000" classname="pe.com.test.semana10.AutorControllerTest">
    <skipped/>
  </testcase> <!-- AgregarAutorValidarSiExiste -->
  <testcase name="eliminarAutorDebeDarError" time="0.000" classname="pe.com.test.semana10.AutorControllerTest">
    <skipped/>
  </testcase> <!-- eliminarAutorDebeDarError -->
</testsuite> <!-- pe.com.test.semana10.AutorControllerTest -->
