<?xml version="1.0" encoding="UTF-8"?>
<!-- Generated by org.testng.reporters.JUnitReportReporter -->
<testsuite skipped="2" hostname="LAPTOP-QFH4B63G" name="pe.com.semana10.test.seleniumwd.AutorWebDriverTest" tests="3" failures="0" timestamp="18 may 2018 16:10:12 GMT" time="49.017" errors="1">
  <testcase name="setUp" time="49.017" classname="pe.com.semana10.test.seleniumwd.AutorWebDriverTest">
    <error type="org.openqa.selenium.WebDriverException" message="Failed to connect to binary FirefoxBinary(C:\Program Files (x86)\Mozilla Firefox\firefox.exe) on port 7055; process output follows: 
ovider
1526659779514	addons.manager	DEBUG	Registering shutdown blocker for PreviousExperimentProvider
1526659779514	addons.manager	DEBUG	Provider finished startup: PreviousExperimentProvider
Unable to read VR Path Registry from C:\Users\ALEXIS-PC\AppData\Local\openvr\openvrpaths.vrpath
1526659779849	addons.xpi-utils	DEBUG	XPI Database saved, setting schema version preference to 23
Unable to read VR Path Registry from C:\Users\ALEXIS-PC\AppData\Local\openvr\openvrpaths.vrpath
1526659780232	addons.xpi	INFO	Mapping abb-acer@amazon.com to C:\Users\ALEXIS-PC\AppData\Local\Temp\anonymous7013651968023974216webdriver-profile\extensions\abb-acer@amazon.com
1526659780232	addons.xpi	INFO	Mapping fxdriver@googlecode.com to C:\Users\ALEXIS-PC\AppData\Local\Temp\anonymous7013651968023974216webdriver-profile\extensions\fxdriver@googlecode.com
1526659780233	addons.xpi	INFO	Mapping partnerdefaults@mozilla.com to C:\Users\ALEXIS-PC\AppData\Local\Temp\anonymous7013651968023974216webdriver-profile\extensions\partnerdefaults@mozilla.com
1526659780233	addons.xpi	DEBUG	Ignoring file entry whose name is not a valid add-on ID: C:\Users\ALEXIS-PC\AppData\Local\Temp\anonymous7013651968023974216webdriver-profile\extensions\webdriver-staging
1526659780233	addons.xpi	DEBUG	Existing add-on fxdriver@googlecode.com in app-profile
1526659780234	addons.xpi	DEBUG	Existing add-on abb-acer@amazon.com in app-profile
1526659780235	addons.xpi	DEBUG	Existing add-on partnerdefaults@mozilla.com in app-profile
1526659780235	addons.xpi	INFO	Mapping activity-stream@mozilla.org to C:\Program Files (x86)\Mozilla Firefox\browser\features\activity-stream@mozilla.org.xpi
1526659780235	addons.xpi	INFO	Mapping aushelper@mozilla.org to C:\Program Files (x86)\Mozilla Firefox\browser\features\aushelper@mozilla.org.xpi
1526659780235	addons.xpi	INFO	Mapping firefox@getpocket.com to C:\Program Files (x86)\Mozilla Firefox\browser\features\firefox@getpocket.com.xpi
1526659780235	addons.xpi	INFO	Mapping followonsearch@mozilla.com to C:\Program Files (x86)\Mozilla Firefox\browser\features\followonsearch@mozilla.com.xpi
1526659780235	addons.xpi	INFO	Mapping formautofill@mozilla.org to C:\Program Files (x86)\Mozilla Firefox\browser\features\formautofill@mozilla.org.xpi
1526659780236	addons.xpi	INFO	Mapping onboarding@mozilla.org to C:\Program Files (x86)\Mozilla Firefox\browser\features\onboarding@mozilla.org.xpi
1526659780236	addons.xpi	INFO	Mapping screenshots@mozilla.org to C:\Program Files (x86)\Mozilla Firefox\browser\features\screenshots@mozilla.org.xpi
1526659780236	addons.xpi	INFO	Mapping shield-recipe-client@mozilla.org to C:\Program Files (x86)\Mozilla Firefox\browser\features\shield-recipe-client@mozilla.org.xpi
1526659780236	addons.xpi	INFO	Mapping webcompat@mozilla.org to C:\Program Files (x86)\Mozilla Firefox\browser\features\webcompat@mozilla.org.xpi
1526659780237	addons.xpi	DEBUG	Existing add-on activity-stream@mozilla.org in app-system-defaults
1526659780237	addons.xpi	DEBUG	Existing add-on aushelper@mozilla.org in app-system-defaults
1526659780238	addons.xpi	DEBUG	Existing add-on firefox@getpocket.com in app-system-defaults
1526659780239	addons.xpi	DEBUG	Existing add-on followonsearch@mozilla.com in app-system-defaults
1526659780239	addons.xpi	DEBUG	Existing add-on formautofill@mozilla.org in app-system-defaults
1526659780239	addons.xpi	DEBUG	Existing add-on onboarding@mozilla.org in app-system-defaults
1526659780239	addons.xpi	DEBUG	Existing add-on screenshots@mozilla.org in app-system-defaults
1526659780240	addons.xpi	DEBUG	Existing add-on shield-recipe-client@mozilla.org in app-system-defaults
1526659780240	addons.xpi	DEBUG	Existing add-on webcompat@mozilla.org in app-system-defaults
1526659780241	addons.xpi	INFO	Mapping {972ce4c6-7e08-4474-a285-3208198ce6fd} to C:\Program Files (x86)\Mozilla Firefox\browser\extensions\{972ce4c6-7e08-4474-a285-3208198ce6fd}.xpi
1526659780241	addons.xpi	DEBUG	Existing add-on {972ce4c6-7e08-4474-a285-3208198ce6fd} in app-global
1526659780241	addons.xpi	DEBUG	getInstallState changed: false, state: {}

Build info: version: &#039;2.53.1&#039;, revision: &#039;a36b8b1cd5757287168e54b817830adce9b0158d&#039;, time: &#039;2016-06-30 19:26:09&#039;
System info: host: &#039;LAPTOP-QFH4B63G&#039;, ip: &#039;192.168.61.1&#039;, os.name: &#039;Windows 10&#039;, os.arch: &#039;amd64&#039;, os.version: &#039;10.0&#039;, java.version: &#039;1.8.0_172&#039;
Driver info: driver.version: FirefoxDriver">
      <![CDATA[org.openqa.selenium.WebDriverException: Failed to connect to binary FirefoxBinary(C:\Program Files (x86)\Mozilla Firefox\firefox.exe) on port 7055; process output follows: 
ovider
1526659779514addons.managerDEBUGRegistering shutdown blocker for PreviousExperimentProvider
1526659779514addons.managerDEBUGProvider finished startup: PreviousExperimentProvider
Unable to read VR Path Registry from C:\Users\ALEXIS-PC\AppData\Local\openvr\openvrpaths.vrpath
1526659779849addons.xpi-utilsDEBUGXPI Database saved, setting schema version preference to 23
Unable to read VR Path Registry from C:\Users\ALEXIS-PC\AppData\Local\openvr\openvrpaths.vrpath
1526659780232addons.xpiINFOMapping abb-acer@amazon.com to C:\Users\ALEXIS-PC\AppData\Local\Temp\anonymous7013651968023974216webdriver-profile\extensions\abb-acer@amazon.com
1526659780232addons.xpiINFOMapping fxdriver@googlecode.com to C:\Users\ALEXIS-PC\AppData\Local\Temp\anonymous7013651968023974216webdriver-profile\extensions\fxdriver@googlecode.com
1526659780233addons.xpiINFOMapping partnerdefaults@mozilla.com to C:\Users\ALEXIS-PC\AppData\Local\Temp\anonymous7013651968023974216webdriver-profile\extensions\partnerdefaults@mozilla.com
1526659780233addons.xpiDEBUGIgnoring file entry whose name is not a valid add-on ID: C:\Users\ALEXIS-PC\AppData\Local\Temp\anonymous7013651968023974216webdriver-profile\extensions\webdriver-staging
1526659780233addons.xpiDEBUGExisting add-on fxdriver@googlecode.com in app-profile
1526659780234addons.xpiDEBUGExisting add-on abb-acer@amazon.com in app-profile
1526659780235addons.xpiDEBUGExisting add-on partnerdefaults@mozilla.com in app-profile
1526659780235addons.xpiINFOMapping activity-stream@mozilla.org to C:\Program Files (x86)\Mozilla Firefox\browser\features\activity-stream@mozilla.org.xpi
1526659780235addons.xpiINFOMapping aushelper@mozilla.org to C:\Program Files (x86)\Mozilla Firefox\browser\features\aushelper@mozilla.org.xpi
1526659780235addons.xpiINFOMapping firefox@getpocket.com to C:\Program Files (x86)\Mozilla Firefox\browser\features\firefox@getpocket.com.xpi
1526659780235addons.xpiINFOMapping followonsearch@mozilla.com to C:\Program Files (x86)\Mozilla Firefox\browser\features\followonsearch@mozilla.com.xpi
1526659780235addons.xpiINFOMapping formautofill@mozilla.org to C:\Program Files (x86)\Mozilla Firefox\browser\features\formautofill@mozilla.org.xpi
1526659780236addons.xpiINFOMapping onboarding@mozilla.org to C:\Program Files (x86)\Mozilla Firefox\browser\features\onboarding@mozilla.org.xpi
1526659780236addons.xpiINFOMapping screenshots@mozilla.org to C:\Program Files (x86)\Mozilla Firefox\browser\features\screenshots@mozilla.org.xpi
1526659780236addons.xpiINFOMapping shield-recipe-client@mozilla.org to C:\Program Files (x86)\Mozilla Firefox\browser\features\shield-recipe-client@mozilla.org.xpi
1526659780236addons.xpiINFOMapping webcompat@mozilla.org to C:\Program Files (x86)\Mozilla Firefox\browser\features\webcompat@mozilla.org.xpi
1526659780237addons.xpiDEBUGExisting add-on activity-stream@mozilla.org in app-system-defaults
1526659780237addons.xpiDEBUGExisting add-on aushelper@mozilla.org in app-system-defaults
1526659780238addons.xpiDEBUGExisting add-on firefox@getpocket.com in app-system-defaults
1526659780239addons.xpiDEBUGExisting add-on followonsearch@mozilla.com in app-system-defaults
1526659780239addons.xpiDEBUGExisting add-on formautofill@mozilla.org in app-system-defaults
1526659780239addons.xpiDEBUGExisting add-on onboarding@mozilla.org in app-system-defaults
1526659780239addons.xpiDEBUGExisting add-on screenshots@mozilla.org in app-system-defaults
1526659780240addons.xpiDEBUGExisting add-on shield-recipe-client@mozilla.org in app-system-defaults
1526659780240addons.xpiDEBUGExisting add-on webcompat@mozilla.org in app-system-defaults
1526659780241addons.xpiINFOMapping {972ce4c6-7e08-4474-a285-3208198ce6fd} to C:\Program Files (x86)\Mozilla Firefox\browser\extensions\{972ce4c6-7e08-4474-a285-3208198ce6fd}.xpi
1526659780241addons.xpiDEBUGExisting add-on {972ce4c6-7e08-4474-a285-3208198ce6fd} in app-global
1526659780241addons.xpiDEBUGgetInstallState changed: false, state: {}

Build info: version: '2.53.1', revision: 'a36b8b1cd5757287168e54b817830adce9b0158d', time: '2016-06-30 19:26:09'
System info: host: 'LAPTOP-QFH4B63G', ip: '192.168.61.1', os.name: 'Windows 10', os.arch: 'amd64', os.version: '10.0', java.version: '1.8.0_172'
Driver info: driver.version: FirefoxDriver
at org.openqa.selenium.firefox.internal.NewProfileExtensionConnection.start(NewProfileExtensionConnection.java:125)
at org.openqa.selenium.firefox.FirefoxDriver.startClient(FirefoxDriver.java:271)
at org.openqa.selenium.remote.RemoteWebDriver.<init>(RemoteWebDriver.java:119)
at org.openqa.selenium.firefox.FirefoxDriver.<init>(FirefoxDriver.java:216)
at org.openqa.selenium.firefox.FirefoxDriver.<init>(FirefoxDriver.java:211)
at org.openqa.selenium.firefox.FirefoxDriver.<init>(FirefoxDriver.java:207)
at org.openqa.selenium.firefox.FirefoxDriver.<init>(FirefoxDriver.java:120)
at pe.com.semana10.test.seleniumwd.AutorWebDriverTest.setUp(AutorWebDriverTest.java:22)
at sun.reflect.NativeMethodAccessorImpl.invoke0(Native Method)
at sun.reflect.NativeMethodAccessorImpl.invoke(Unknown Source)
at sun.reflect.DelegatingMethodAccessorImpl.invoke(Unknown Source)
at java.lang.reflect.Method.invoke(Unknown Source)
at org.testng.internal.MethodInvocationHelper.invokeMethod(MethodInvocationHelper.java:124)
at org.testng.internal.MethodInvocationHelper.invokeMethodConsideringTimeout(MethodInvocationHelper.java:59)
at org.testng.internal.Invoker.invokeConfigurationMethod(Invoker.java:455)
at org.testng.internal.Invoker.invokeConfigurations(Invoker.java:222)
at org.testng.internal.Invoker.invokeConfigurations(Invoker.java:142)
at org.testng.TestRunner.beforeRun(TestRunner.java:529)
at org.testng.TestRunner.run(TestRunner.java:497)
at org.testng.SuiteRunner.runTest(SuiteRunner.java:455)
at org.testng.SuiteRunner.runSequentially(SuiteRunner.java:450)
at org.testng.SuiteRunner.privateRun(SuiteRunner.java:415)
at org.testng.SuiteRunner.run(SuiteRunner.java:364)
at org.testng.SuiteRunnerWorker.runSuite(SuiteRunnerWorker.java:52)
at org.testng.SuiteRunnerWorker.run(SuiteRunnerWorker.java:84)
at org.testng.TestNG.runSuitesSequentially(TestNG.java:1208)
at org.testng.TestNG.runSuitesLocally(TestNG.java:1137)
at org.testng.TestNG.runSuites(TestNG.java:1049)
at org.testng.TestNG.run(TestNG.java:1017)
at org.testng.remote.AbstractRemoteTestNG.run(AbstractRemoteTestNG.java:114)
at org.testng.remote.RemoteTestNG.initAndRun(RemoteTestNG.java:251)
at org.testng.remote.RemoteTestNG.main(RemoteTestNG.java:77)
Caused by: org.openqa.selenium.firefox.NotConnectedException: Unable to connect to host 127.0.0.1 on port 7055 after 45000 ms. Firefox console output:
ovider
1526659779514addons.managerDEBUGRegistering shutdown blocker for PreviousExperimentProvider
1526659779514addons.managerDEBUGProvider finished startup: PreviousExperimentProvider
Unable to read VR Path Registry from C:\Users\ALEXIS-PC\AppData\Local\openvr\openvrpaths.vrpath
1526659779849addons.xpi-utilsDEBUGXPI Database saved, setting schema version preference to 23
Unable to read VR Path Registry from C:\Users\ALEXIS-PC\AppData\Local\openvr\openvrpaths.vrpath
1526659780232addons.xpiINFOMapping abb-acer@amazon.com to C:\Users\ALEXIS-PC\AppData\Local\Temp\anonymous7013651968023974216webdriver-profile\extensions\abb-acer@amazon.com
1526659780232addons.xpiINFOMapping fxdriver@googlecode.com to C:\Users\ALEXIS-PC\AppData\Local\Temp\anonymous7013651968023974216webdriver-profile\extensions\fxdriver@googlecode.com
1526659780233addons.xpiINFOMapping partnerdefaults@mozilla.com to C:\Users\ALEXIS-PC\AppData\Local\Temp\anonymous7013651968023974216webdriver-profile\extensions\partnerdefaults@mozilla.com
1526659780233addons.xpiDEBUGIgnoring file entry whose name is not a valid add-on ID: C:\Users\ALEXIS-PC\AppData\Local\Temp\anonymous7013651968023974216webdriver-profile\extensions\webdriver-staging
1526659780233addons.xpiDEBUGExisting add-on fxdriver@googlecode.com in app-profile
1526659780234addons.xpiDEBUGExisting add-on abb-acer@amazon.com in app-profile
1526659780235addons.xpiDEBUGExisting add-on partnerdefaults@mozilla.com in app-profile
1526659780235addons.xpiINFOMapping activity-stream@mozilla.org to C:\Program Files (x86)\Mozilla Firefox\browser\features\activity-stream@mozilla.org.xpi
1526659780235addons.xpiINFOMapping aushelper@mozilla.org to C:\Program Files (x86)\Mozilla Firefox\browser\features\aushelper@mozilla.org.xpi
1526659780235addons.xpiINFOMapping firefox@getpocket.com to C:\Program Files (x86)\Mozilla Firefox\browser\features\firefox@getpocket.com.xpi
1526659780235addons.xpiINFOMapping followonsearch@mozilla.com to C:\Program Files (x86)\Mozilla Firefox\browser\features\followonsearch@mozilla.com.xpi
1526659780235addons.xpiINFOMapping formautofill@mozilla.org to C:\Program Files (x86)\Mozilla Firefox\browser\features\formautofill@mozilla.org.xpi
1526659780236addons.xpiINFOMapping onboarding@mozilla.org to C:\Program Files (x86)\Mozilla Firefox\browser\features\onboarding@mozilla.org.xpi
1526659780236addons.xpiINFOMapping screenshots@mozilla.org to C:\Program Files (x86)\Mozilla Firefox\browser\features\screenshots@mozilla.org.xpi
1526659780236addons.xpiINFOMapping shield-recipe-client@mozilla.org to C:\Program Files (x86)\Mozilla Firefox\browser\features\shield-recipe-client@mozilla.org.xpi
1526659780236addons.xpiINFOMapping webcompat@mozilla.org to C:\Program Files (x86)\Mozilla Firefox\browser\features\webcompat@mozilla.org.xpi
1526659780237addons.xpiDEBUGExisting add-on activity-stream@mozilla.org in app-system-defaults
1526659780237addons.xpiDEBUGExisting add-on aushelper@mozilla.org in app-system-defaults
1526659780238addons.xpiDEBUGExisting add-on firefox@getpocket.com in app-system-defaults
1526659780239addons.xpiDEBUGExisting add-on followonsearch@mozilla.com in app-system-defaults
1526659780239addons.xpiDEBUGExisting add-on formautofill@mozilla.org in app-system-defaults
1526659780239addons.xpiDEBUGExisting add-on onboarding@mozilla.org in app-system-defaults
1526659780239addons.xpiDEBUGExisting add-on screenshots@mozilla.org in app-system-defaults
1526659780240addons.xpiDEBUGExisting add-on shield-recipe-client@mozilla.org in app-system-defaults
1526659780240addons.xpiDEBUGExisting add-on webcompat@mozilla.org in app-system-defaults
1526659780241addons.xpiINFOMapping {972ce4c6-7e08-4474-a285-3208198ce6fd} to C:\Program Files (x86)\Mozilla Firefox\browser\extensions\{972ce4c6-7e08-4474-a285-3208198ce6fd}.xpi
1526659780241addons.xpiDEBUGExisting add-on {972ce4c6-7e08-4474-a285-3208198ce6fd} in app-global
1526659780241addons.xpiDEBUGgetInstallState changed: false, state: {}

at org.openqa.selenium.firefox.internal.NewProfileExtensionConnection.start(NewProfileExtensionConnection.java:113)
... 31 more
]]>
    </error>
  </testcase> <!-- setUp -->
  <testcase name="insertarCategoria_FlujoAlternativo" time="0.000" classname="pe.com.semana10.test.seleniumwd.AutorWebDriverTest">
    <skipped/>
  </testcase> <!-- insertarCategoria_FlujoAlternativo -->
  <testcase name="insertarCategoria_FlujoBasico" time="0.000" classname="pe.com.semana10.test.seleniumwd.AutorWebDriverTest">
    <skipped/>
  </testcase> <!-- insertarCategoria_FlujoBasico -->
</testsuite> <!-- pe.com.semana10.test.seleniumwd.AutorWebDriverTest -->
