<?xml version="1.0" encoding="UTF-8"?>
<!-- Generated by org.testng.reporters.JUnitReportReporter -->
<testsuite skipped="3" hostname="LAPTOP-QFH4B63G" name="pe.com.test.semana10.EditorialServiceTest" tests="3" failures="0" timestamp="18 may 2018 17:15:44 GMT" time="0.000" errors="0">
  <testcase name="contextLoads" time="0.000" classname="pe.com.test.semana10.EditorialServiceTest">
    <skipped/>
  </testcase> <!-- contextLoads -->
  <testcase name="probarListarEditoriales" time="0.000" classname="pe.com.test.semana10.EditorialServiceTest">
    <skipped/>
  </testcase> <!-- probarListarEditoriales -->
  <testcase name="ProbandoModeloEditorial" time="0.000" classname="pe.com.test.semana10.EditorialServiceTest">
    <skipped/>
  </testcase> <!-- ProbandoModeloEditorial -->
</testsuite> <!-- pe.com.test.semana10.EditorialServiceTest -->
