<?xml version="1.0" encoding="UTF-8"?>
<!-- Generated by org.testng.reporters.JUnitReportReporter -->
<testsuite skipped="2" hostname="LAPTOP-QFH4B63G" name="pe.com.test.semana10.AdministradorServiceTest" tests="2" failures="0" timestamp="18 may 2018 17:15:44 GMT" time="0.000" errors="0">
  <testcase name="ProbandoModeloAdmistrador" time="0.000" classname="pe.com.test.semana10.AdministradorServiceTest">
    <skipped/>
  </testcase> <!-- ProbandoModeloAdmistrador -->
  <testcase name="contextLoads" time="0.000" classname="pe.com.test.semana10.AdministradorServiceTest">
    <skipped/>
  </testcase> <!-- contextLoads -->
</testsuite> <!-- pe.com.test.semana10.AdministradorServiceTest -->
