<?xml version="1.0" encoding="UTF-8"?>
<!-- Generated by org.testng.reporters.JUnitReportReporter -->
<testsuite skipped="5" hostname="LAPTOP-QFH4B63G" name="pe.com.test.semana10.LibroControllerTest" tests="5" failures="0" timestamp="18 may 2018 17:15:44 GMT" time="0.000" errors="0">
  <testcase name="ProbandoModeloLibro" time="0.000" classname="pe.com.test.semana10.LibroControllerTest">
    <skipped/>
  </testcase> <!-- ProbandoModeloLibro -->
  <testcase name="contextLoads" time="0.000" classname="pe.com.test.semana10.LibroControllerTest">
    <skipped/>
  </testcase> <!-- contextLoads -->
  <testcase name="probarListarLibro" time="0.000" classname="pe.com.test.semana10.LibroControllerTest">
    <skipped/>
  </testcase> <!-- probarListarLibro -->
  <testcase name="probarInsertarLibro" time="0.000" classname="pe.com.test.semana10.LibroControllerTest">
    <skipped/>
  </testcase> <!-- probarInsertarLibro -->
  <testcase name="AgregarLibroValidarSiExiste" time="0.000" classname="pe.com.test.semana10.LibroControllerTest">
    <skipped/>
  </testcase> <!-- AgregarLibroValidarSiExiste -->
</testsuite> <!-- pe.com.test.semana10.LibroControllerTest -->
